Thu, 22 Mar 2018 15:37:26 titanic.py[line:218] INFO score is: 0.7932960893854749

Thu, 22 Mar 2018 15:37:26 titanic.py[line:221] INFO  
              precision    recall  f1-score   support

       Died       0.79      0.88      0.83       105
   Survived       0.79      0.68      0.73        74

avg / total       0.79      0.79      0.79       179

Thu, 22 Mar 2018 15:37:26 titanic.py[line:222] INFO ------------------------------

Thu, 22 Mar 2018 23:20:04 titanic.py[line:221] INFO score is: 0.7932960893854749

Thu, 22 Mar 2018 23:20:04 titanic.py[line:224] INFO  
              precision    recall  f1-score   support

       Died       0.79      0.88      0.83       105
   Survived       0.79      0.68      0.73        74

avg / total       0.79      0.79      0.79       179

Thu, 22 Mar 2018 23:20:04 titanic.py[line:225] INFO ------------------------------

Thu, 22 Mar 2018 23:20:04 titanic.py[line:221] INFO score is: 0.7932960893854749

Thu, 22 Mar 2018 23:20:04 titanic.py[line:224] INFO  
              precision    recall  f1-score   support

       Died       0.79      0.88      0.83       105
   Survived       0.79      0.68      0.73        74

avg / total       0.79      0.79      0.79       179

Thu, 22 Mar 2018 23:20:04 titanic.py[line:225] INFO ------------------------------

Thu, 22 Mar 2018 23:23:07 titanic.py[line:219] INFO score is: 0.7821229050279329

Thu, 22 Mar 2018 23:23:07 titanic.py[line:222] INFO  
              precision    recall  f1-score   support

       Died       0.79      0.86      0.82       105
   Survived       0.77      0.68      0.72        74

avg / total       0.78      0.78      0.78       179

Thu, 22 Mar 2018 23:23:07 titanic.py[line:223] INFO ------------------------------

Thu, 22 Mar 2018 23:25:29 titanic.py[line:219] INFO score is: 0.7988826815642458

Thu, 22 Mar 2018 23:25:29 titanic.py[line:222] INFO  
              precision    recall  f1-score   support

       Died       0.79      0.89      0.84       105
   Survived       0.81      0.68      0.74        74

avg / total       0.80      0.80      0.80       179

Thu, 22 Mar 2018 23:25:29 titanic.py[line:223] INFO ------------------------------

Thu, 22 Mar 2018 23:26:58 titanic.py[line:219] INFO score is: 0.8333333333333334

Thu, 22 Mar 2018 23:26:58 titanic.py[line:222] INFO  
              precision    recall  f1-score   support

       Died       0.85      0.87      0.86        54
   Survived       0.80      0.78      0.79        36

avg / total       0.83      0.83      0.83        90

Thu, 22 Mar 2018 23:26:58 titanic.py[line:223] INFO ------------------------------

